<?xml version="1.0" encoding="UTF-8"?>
<Site BuildName="Linux-g++"
	BuildStamp="20220613-1631-Experimental"
	Name="ramtin-ROG-Strix-G513QM-G513QM"
	Generator="ctest-3.18.4"
	CompilerName="/usr/bin/g++"
	CompilerVersion="11.2.0"
	OSName="Linux"
	Hostname="ramtin-ROG-Strix-G513QM-G513QM"
	OSRelease="5.13.0-48-generic"
	OSVersion="#54-Ubuntu SMP Wed Jun 1 20:38:48 UTC 2022"
	OSPlatform="x86_64"
	Is64Bits="1"
	VendorString="AuthenticAMD"
	VendorID="Advanced Micro Devices"
	FamilyID="25"
	ModelID="80"
	ProcessorCacheSize="512"
	NumberOfLogicalCPU="16"
	NumberOfPhysicalCPU="8"
	TotalVirtualMemory="2047"
	TotalPhysicalMemory="31520"
	LogicalProcessorsPerPhysical="2"
	ProcessorClockFrequency="2842"
	>
	<Testing>
		<StartDateTime>Jun 13 21:01 +0430</StartDateTime>
		<StartTestTime>1655137913</StartTestTime>
		<TestList/>
		<EndDateTime>Jun 13 21:01 +0430</EndDateTime>
		<EndTestTime>1655137913</EndTestTime>
		<ElapsedMinutes>0</ElapsedMinutes>
	</Testing>
</Site>
